Build started 3/21/2013 1:50:31 PM.
     1>Project "C:\Users\wmacevoy\Documents\Visual Studio 2010\Projects\threads\threads\threads.vcxproj" on node 2 (build target(s)).
     1>InitializeBuildStatus:
         Creating "Debug\threads.unsuccessfulbuild" because "AlwaysCreate" was specified.
       ClCompile:
         All outputs are up-to-date.
         C:\Program Files\Microsoft Visual Studio 10.0\VC\bin\CL.exe /c /ZI /nologo /W3 /WX- /Od /Oy- /D WIN32 /D _DEBUG /D _CONSOLE /D _UNICODE /D UNICODE /Gm /EHsc /RTC1 /MDd /GS /fp:precise /Zc:wchar_t /Zc:forScope /Yu"StdAfx.h" /Fp"Debug\threads.pch" /Fo"Debug\\" /Fd"Debug\vc100.pdb" /Gd /TP /analyze- /errorReport:prompt threads.cpp
         threads.cpp
       ManifestResourceCompile:
         All outputs are up-to-date.
       Link:
         C:\Program Files\Microsoft Visual Studio 10.0\VC\bin\link.exe /ERRORREPORT:PROMPT /OUT:"C:\Users\wmacevoy\Documents\Visual Studio 2010\Projects\threads\Debug\threads.exe" /INCREMENTAL /NOLOGO kernel32.lib user32.lib gdi32.lib winspool.lib comdlg32.lib advapi32.lib shell32.lib ole32.lib oleaut32.lib uuid.lib odbc32.lib odbccp32.lib /MANIFEST /ManifestFile:"Debug\threads.exe.intermediate.manifest" /MANIFESTUAC:"level='asInvoker' uiAccess='false'" /DEBUG /PDB:"C:\Users\wmacevoy\Documents\Visual Studio 2010\Projects\threads\Debug\threads.pdb" /SUBSYSTEM:CONSOLE /TLBID:1 /DYNAMICBASE /NXCOMPAT /IMPLIB:"C:\Users\wmacevoy\Documents\Visual Studio 2010\Projects\threads\Debug\threads.lib" /MACHINE:X86 Debug\threads.exe.embed.manifest.res
         Debug\stdafx.obj
         Debug\threads.obj
       Manifest:
         C:\Program Files\Microsoft SDKs\Windows\v7.0A\bin\mt.exe /nologo /verbose /out:"Debug\threads.exe.embed.manifest" /manifest Debug\threads.exe.intermediate.manifest
         All outputs are up-to-date.
       LinkEmbedManifest:
         All outputs are up-to-date.
         threads.vcxproj -> C:\Users\wmacevoy\Documents\Visual Studio 2010\Projects\threads\Debug\threads.exe
       FinalizeBuildStatus:
         Deleting file "Debug\threads.unsuccessfulbuild".
         Touching "Debug\threads.lastbuildstate".
     1>Done Building Project "C:\Users\wmacevoy\Documents\Visual Studio 2010\Projects\threads\threads\threads.vcxproj" (build target(s)).

Build succeeded.

Time Elapsed 00:00:00.68
